<?xml version="1.0" encoding="UTF-8"?>
<!-- Generated by org.testng.reporters.JUnitXMLReporter -->
<testsuite ignored="0" hostname="DESKTOP-1HICKEJ" failures="0" tests="3" name="Test" time="28.284" errors="0" timestamp="2020-09-04T10:54:58 CEST">
  <testcase classname="test.FormValidationCheck" name="ValidationCheckLogin" time="2.084"/>
  <testcase classname="test.FormValidationCheck" name="RequiredFieldCheck" time="4.773"/>
  <testcase classname="test.SalesPageValidation3" name="FilterChck" time="7.547"/>
</testsuite> <!-- Test -->
