<?xml version="1.0" encoding="UTF-8"?>
<!-- Generated by org.testng.reporters.JUnitXMLReporter -->
<testsuite hostname="DESKTOP-1HICKEJ" failures="0" tests="3" name="Test" time="30.888" errors="0" timestamp="4 Sep 2020 08:56:09 GMT">
  <testcase classname="test.SalesPageValidation3" name="FilterChck" time="7.359"/>
  <testcase classname="test.FormValidationCheck" name="ValidationCheckLogin" time="2.057"/>
  <testcase classname="test.FormValidationCheck" name="RequiredFieldCheck" time="4.798"/>
</testsuite> <!-- Test -->
