<?xml version="1.0" encoding="UTF-8"?>
<testng-results total="3" passed="3" failed="0" skipped="0">
  <reporter-output>
  </reporter-output>
  <suite started-at="2020-09-04T08:55:38Z" name="Suite" finished-at="2020-09-04T08:56:09Z" duration-ms="30888">
    <groups>
    </groups>
    <test started-at="2020-09-04T08:55:38Z" name="Test" finished-at="2020-09-04T08:56:09Z" duration-ms="30888">
      <class name="test.SalesPageValidation3">
        <test-method signature="FilterChck()[pri:0, instance:test.SalesPageValidation3@6e509ffa]" started-at="2020-09-04T10:55:55Z" name="FilterChck" finished-at="2020-09-04T10:56:02Z" duration-ms="7359" status="PASS">
          <reporter-output>
          </reporter-output>
        </test-method> <!-- FilterChck -->
      </class> <!-- test.SalesPageValidation3 -->
      <class name="test.FormValidationCheck">
        <test-method is-config="true" signature="initialtrig()[pri:0, instance:test.FormValidationCheck@11fc564b]" started-at="2020-09-04T10:55:38Z" name="initialtrig" finished-at="2020-09-04T10:55:49Z" duration-ms="10110" status="PASS">
          <reporter-output>
          </reporter-output>
        </test-method> <!-- initialtrig -->
        <test-method is-config="true" signature="initialtrig()[pri:0, instance:test.SalesPageValidation3@6e509ffa]" started-at="2020-09-04T10:55:49Z" name="initialtrig" finished-at="2020-09-04T10:55:55Z" duration-ms="6456" status="PASS">
          <reporter-output>
          </reporter-output>
        </test-method> <!-- initialtrig -->
        <test-method signature="ValidationCheckLogin()[pri:0, instance:test.FormValidationCheck@11fc564b]" started-at="2020-09-04T10:56:02Z" name="ValidationCheckLogin" finished-at="2020-09-04T10:56:04Z" duration-ms="2057" status="PASS">
          <reporter-output>
          </reporter-output>
        </test-method> <!-- ValidationCheckLogin -->
        <test-method signature="RequiredFieldCheck()[pri:0, instance:test.FormValidationCheck@11fc564b]" started-at="2020-09-04T10:56:04Z" name="RequiredFieldCheck" finished-at="2020-09-04T10:56:09Z" duration-ms="4798" status="PASS">
          <reporter-output>
          </reporter-output>
        </test-method> <!-- RequiredFieldCheck -->
        <test-method is-config="true" signature="drop()[pri:0, instance:test.FormValidationCheck@11fc564b]" started-at="2020-09-04T10:56:09Z" name="drop" finished-at="2020-09-04T10:56:09Z" duration-ms="41" status="PASS">
          <reporter-output>
          </reporter-output>
        </test-method> <!-- drop -->
        <test-method is-config="true" signature="drop()[pri:0, instance:test.SalesPageValidation3@6e509ffa]" started-at="2020-09-04T10:56:09Z" name="drop" finished-at="2020-09-04T10:56:09Z" duration-ms="51" status="PASS">
          <reporter-output>
          </reporter-output>
        </test-method> <!-- drop -->
      </class> <!-- test.FormValidationCheck -->
    </test> <!-- Test -->
  </suite> <!-- Suite -->
</testng-results>
